INPUT<
[route 'foo' @ 42 [delete]]

OUTPUT>
&dogconf.DeleteDirective{
Target:dogconf.TargetOcn{
 Blamer:&dogconf.TargetOcnSpecSyntax{
  TargetOneSpecSyntax:dogconf.TargetOneSpecSyntax{
   What:&dogconf.Token{
    Lexeme:"'foo'",
    Type:8,
    Pos:dogconf.Position{
     Filename:"",
     Offset:12,
     Line:1,
     Column:13
    }
   }
  },
  Ocn:&dogconf.Token{
   Lexeme:"42",
   Type:7,
   Pos:dogconf.Position{
    Filename:"",
    Offset:17,
    Line:1,
    Column:18
   }
  }
 },
 TargetOne:dogconf.TargetOne{
  Blamer:&dogconf.TargetOcnSpecSyntax{
   TargetOneSpecSyntax:dogconf.TargetOneSpecSyntax{
    What:&dogconf.Token{
     Lexeme:"'foo'",
     Type:8,
     Pos:dogconf.Position{
      Filename:"",
      Offset:12,
      Line:1,
      Column:13
     }
    }
   },
   Ocn:&dogconf.Token{
    Lexeme:"42",
    Type:7,
    Pos:dogconf.Position{
     Filename:"",
     Offset:17,
     Line:1,
     Column:18
    }
   }
  },
  What:"42"
 },
 Ocn:0x2a
}
}
