INPUT<
[route '!xp' @ 5 [patch [dbnameIn='x'',"',lock='true']]]

OUTPUT>
&dogconf.PatchDirective{
Blamer:&dogconf.PatchActionSyntax{
 Blamer:&dogconf.Token{
  Lexeme:"patch",
  Type:6,
  Pos:dogconf.Position{
   Filename:"",
   Offset:23,
   Line:1,
   Column:24
  }
 },
 PatchProps:map[*dogconf.Token]*dogconf.Token{
  &dogconf.Token{
   Lexeme:"dbnameIn",
   Type:6,
   Pos:dogconf.Position{
    Filename:"",
    Offset:33,
    Line:1,
    Column:34
   }
  }:&dogconf.Token{
   Lexeme:"'x'',\"'",
   Type:8,
   Pos:dogconf.Position{
    Filename:"",
    Offset:41,
    Line:1,
    Column:42
   }
  },
  &dogconf.Token{
   Lexeme:"lock",
   Type:6,
   Pos:dogconf.Position{
    Filename:"",
    Offset:46,
    Line:1,
    Column:47
   }
  }:&dogconf.Token{
   Lexeme:"'true'",
   Type:8,
   Pos:dogconf.Position{
    Filename:"",
    Offset:53,
    Line:1,
    Column:54
   }
  }
 }
},
TargetOcn:dogconf.TargetOcn{
 Blamer:&dogconf.TargetOcnSpecSyntax{
  TargetOneSpecSyntax:dogconf.TargetOneSpecSyntax{
   What:&dogconf.Token{
    Lexeme:"'!xp'",
    Type:8,
    Pos:dogconf.Position{
     Filename:"",
     Offset:12,
     Line:1,
     Column:13
    }
   }
  },
  Ocn:&dogconf.Token{
   Lexeme:"5",
   Type:7,
   Pos:dogconf.Position{
    Filename:"",
    Offset:16,
    Line:1,
    Column:17
   }
  }
 },
 TargetOne:dogconf.TargetOne{
  Blamer:&dogconf.TargetOcnSpecSyntax{
   TargetOneSpecSyntax:dogconf.TargetOneSpecSyntax{
    What:&dogconf.Token{
     Lexeme:"'!xp'",
     Type:8,
     Pos:dogconf.Position{
      Filename:"",
      Offset:12,
      Line:1,
      Column:13
     }
    }
   },
   Ocn:&dogconf.Token{
    Lexeme:"5",
    Type:7,
    Pos:dogconf.Position{
     Filename:"",
     Offset:16,
     Line:1,
     Column:17
    }
   }
  },
  What:"5"
 },
 Ocn:0x5
},
Change:dogconf.AttrChange{
 AddrBlame:dogconf.Blamer(nil),
 Addr:net.Addr(nil),
 DbnameInBlame:&dogconf.Token{
  Lexeme:"'x'',\"'",
  Type:8,
  Pos:dogconf.Position{
   Filename:"",
   Offset:41,
   Line:1,
   Column:42
  }
 },
 DbnameIn:"'x'',\"'",
 DbnameRewrittenBlame:dogconf.Blamer(nil),
 DbnameRewritten:"",
 LockBlame:&dogconf.Token{
  Lexeme:"'true'",
  Type:8,
  Pos:dogconf.Position{
   Filename:"",
   Offset:53,
   Line:1,
   Column:54
  }
 },
 Lock:true
}
}
